<?xml version="1.0" encoding="UTF-8"?>
<robot generator="Robot 3.1.2 (Python 3.7.3 on win32)" generated="20190830 18:13:17.356" rpa="false">
<suite id="s1" name="General" source="C:\Users\YingHuang\Desktop\GWMV2\TestCase\General.txt">
<kw name="Connect To Device" library="gwmv2" type="setup">
<msg timestamp="20190830 18:14:06.198" level="WARN">Retrying (Retry(total=2, connect=None, read=None, redirect=None, status=None)) after connection broken by 'ProtocolError('Connection aborted.', RemoteDisconnected('Remote end closed connection without response'))': /version</msg>
<msg timestamp="20190830 18:14:06.202" level="WARN">Retrying (Retry(total=1, connect=None, read=None, redirect=None, status=None)) after connection broken by 'ProtocolError('Connection aborted.', RemoteDisconnected('Remote end closed connection without response'))': /version</msg>
<msg timestamp="20190830 18:14:06.206" level="WARN">Retrying (Retry(total=0, connect=None, read=None, redirect=None, status=None)) after connection broken by 'ProtocolError('Connection aborted.', RemoteDisconnected('Remote end closed connection without response'))': /version</msg>
<msg timestamp="20190830 18:14:06.319" level="WARN">Retrying (Retry(total=2, connect=None, read=None, redirect=None, status=None)) after connection broken by 'ProtocolError('Connection aborted.', RemoteDisconnected('Remote end closed connection without response'))': /version</msg>
<msg timestamp="20190830 18:14:06.324" level="WARN">Retrying (Retry(total=1, connect=None, read=None, redirect=None, status=None)) after connection broken by 'ProtocolError('Connection aborted.', RemoteDisconnected('Remote end closed connection without response'))': /version</msg>
<msg timestamp="20190830 18:14:06.330" level="WARN">Retrying (Retry(total=0, connect=None, read=None, redirect=None, status=None)) after connection broken by 'ProtocolError('Connection aborted.', RemoteDisconnected('Remote end closed connection without response'))': /version</msg>
<msg timestamp="20190830 18:14:06.345" level="WARN">Retrying (Retry(total=2, connect=None, read=None, redirect=None, status=None)) after connection broken by 'ProtocolError('Connection aborted.', RemoteDisconnected('Remote end closed connection without response'))': /version</msg>
<msg timestamp="20190830 18:14:06.349" level="WARN">Retrying (Retry(total=1, connect=None, read=None, redirect=None, status=None)) after connection broken by 'ProtocolError('Connection aborted.', RemoteDisconnected('Remote end closed connection without response'))': /version</msg>
<msg timestamp="20190830 18:14:06.354" level="WARN">Retrying (Retry(total=0, connect=None, read=None, redirect=None, status=None)) after connection broken by 'ProtocolError('Connection aborted.', RemoteDisconnected('Remote end closed connection without response'))': /version</msg>
<msg timestamp="20190830 18:14:07.167" level="INFO">uiautomator2 object for 127.0.0.1:60286</msg>
<msg timestamp="20190830 18:14:07.167" level="INFO">C:\Users\YingHuang\AppData\Local\Programs\Python\Python37-32\lib\site-packages\uiautomator2\__init__.py:164: RuntimeWarning: backend atx-agent is not alive, start again ...
  RuntimeWarning)</msg>
<status status="PASS" starttime="20190830 18:13:18.299" endtime="20190830 18:14:07.167"></status>
</kw>
<test id="s1-t1" name="General_001_Wisdom_Parking">
<kw name="Start Home App" library="gwmv2" type="setup">
<status status="PASS" starttime="20190830 18:14:07.169" endtime="20190830 18:14:11.951"></status>
</kw>
<kw name="Log" library="BuiltIn">
<doc>Logs the given message with the given level.</doc>
<arguments>
<arg>"Check WIFI is on and Connected"</arg>
</arguments>
<msg timestamp="20190830 18:14:11.952" level="INFO">"Check WIFI is on and Connected"</msg>
<status status="PASS" starttime="20190830 18:14:11.952" endtime="20190830 18:14:11.952"></status>
</kw>
<kw name="Status Of Wifi Connection" library="gwmv2">
<arguments>
<arg>${Btn_WIFI_On}</arg>
</arguments>
<msg timestamp="20190830 18:14:13.860" level="INFO">WIFI is connectd,status is //*[@resource-id="com.android.systemui:id/gwm_wifi"]</msg>
<status status="PASS" starttime="20190830 18:14:11.952" endtime="20190830 18:14:13.861"></status>
</kw>
<kw name="Log" library="BuiltIn">
<doc>Logs the given message with the given level.</doc>
<arguments>
<arg>"Step1 Enter App Lists Page"</arg>
</arguments>
<msg timestamp="20190830 18:14:13.862" level="INFO">"Step1 Enter App Lists Page"</msg>
<status status="PASS" starttime="20190830 18:14:13.861" endtime="20190830 18:14:13.863"></status>
</kw>
<kw name="Enter App List From Home" library="gwmv2">
<arguments>
<arg>${Btn_App_Lists}</arg>
</arguments>
<msg timestamp="20190830 18:14:21.032" level="INFO">Product-brand: harman
[2019-08-30 18:14:16] uiautomator is starting ...
[2019-08-30 18:14:17] uiautomator is starting ...
[2019-08-30 18:14:18] uiautomator is starting ...
uiautomator back to normal</msg>
<msg timestamp="20190830 18:14:21.033" level="INFO">C:\Users\YingHuang\AppData\Local\Programs\Python\Python37-32\lib\site-packages\uiautomator2\__init__.py:434: RuntimeWarning: UiAutomation not connected, restart uiautoamtor
  stacklevel=1)</msg>
<status status="PASS" starttime="20190830 18:14:13.863" endtime="20190830 18:14:21.033"></status>
</kw>
<kw name="Swipe Left" library="gwmv2">
<status status="PASS" starttime="20190830 18:14:21.034" endtime="20190830 18:14:23.485"></status>
</kw>
<kw name="Log" library="BuiltIn">
<doc>Logs the given message with the given level.</doc>
<arguments>
<arg>"Step2 Enter Wisdom Parking App Page"</arg>
</arguments>
<msg timestamp="20190830 18:14:23.486" level="INFO">"Step2 Enter Wisdom Parking App Page"</msg>
<status status="PASS" starttime="20190830 18:14:23.486" endtime="20190830 18:14:23.487"></status>
</kw>
<kw name="Short Touch" library="gwmv2">
<arguments>
<arg>${Btn_Wisdom_Parking}</arg>
</arguments>
<status status="PASS" starttime="20190830 18:14:23.487" endtime="20190830 18:14:24.518"></status>
</kw>
<kw name="Log" library="BuiltIn">
<doc>Logs the given message with the given level.</doc>
<arguments>
<arg>"Verify Wisdom Parking is Able to access"</arg>
</arguments>
<msg timestamp="20190830 18:14:24.521" level="INFO">"Verify Wisdom Parking is Able to access"</msg>
<status status="PASS" starttime="20190830 18:14:24.519" endtime="20190830 18:14:24.521"></status>
</kw>
<kw name="Compare Img" library="gwmv2">
<arguments>
<arg>${Img_Captured_Wisdom_Parking_Home_Page}</arg>
<arg>${Img_Verified_Wisdom_Parking_Home_Page}</arg>
</arguments>
<status status="PASS" starttime="20190830 18:14:24.521" endtime="20190830 18:14:24.891"></status>
</kw>
<status status="PASS" starttime="20190830 18:14:07.168" endtime="20190830 18:14:24.891" critical="yes"></status>
</test>
<test id="s1-t2" name="General_002_WEY_Store">
<kw name="Start Home App" library="gwmv2" type="setup">
<status status="PASS" starttime="20190830 18:14:24.899" endtime="20190830 18:14:29.754"></status>
</kw>
<kw name="Log" library="BuiltIn">
<doc>Logs the given message with the given level.</doc>
<arguments>
<arg>"Check WIFI is on and Connected"</arg>
</arguments>
<msg timestamp="20190830 18:14:29.758" level="INFO">"Check WIFI is on and Connected"</msg>
<status status="PASS" starttime="20190830 18:14:29.756" endtime="20190830 18:14:29.758"></status>
</kw>
<kw name="Status Of Wifi Connection" library="gwmv2">
<arguments>
<arg>${Btn_WIFI_On}</arg>
</arguments>
<msg timestamp="20190830 18:14:30.048" level="INFO">WIFI is connectd,status is //*[@resource-id="com.android.systemui:id/gwm_wifi"]</msg>
<status status="PASS" starttime="20190830 18:14:29.759" endtime="20190830 18:14:30.049"></status>
</kw>
<kw name="Log" library="BuiltIn">
<doc>Logs the given message with the given level.</doc>
<arguments>
<arg>"Step1 Enter App Lists Page"</arg>
</arguments>
<msg timestamp="20190830 18:14:30.050" level="INFO">"Step1 Enter App Lists Page"</msg>
<status status="PASS" starttime="20190830 18:14:30.050" endtime="20190830 18:14:30.051"></status>
</kw>
<kw name="Enter App List From Home" library="gwmv2">
<arguments>
<arg>${Btn_App_Lists}</arg>
</arguments>
<status status="PASS" starttime="20190830 18:14:30.051" endtime="20190830 18:14:30.966"></status>
</kw>
<kw name="Swipe Left" library="gwmv2">
<status status="PASS" starttime="20190830 18:14:30.966" endtime="20190830 18:14:33.435"></status>
</kw>
<kw name="Log" library="BuiltIn">
<doc>Logs the given message with the given level.</doc>
<arguments>
<arg>"Step2 Enter WEY Store App Page"</arg>
</arguments>
<msg timestamp="20190830 18:14:33.436" level="INFO">"Step2 Enter WEY Store App Page"</msg>
<status status="PASS" starttime="20190830 18:14:33.435" endtime="20190830 18:14:33.437"></status>
</kw>
<kw name="Short Touch" library="gwmv2">
<arguments>
<arg>${Btn_WEY_Store}</arg>
</arguments>
<msg timestamp="20190830 18:14:43.452" level="FAIL">TimeoutException: timeout 10.0</msg>
<status status="FAIL" starttime="20190830 18:14:33.437" endtime="20190830 18:14:43.453"></status>
</kw>
<status status="FAIL" starttime="20190830 18:14:24.892" endtime="20190830 18:14:43.454" critical="yes">TimeoutException: timeout 10.0</status>
</test>
<status status="FAIL" starttime="20190830 18:13:17.359" endtime="20190830 18:14:43.456"></status>
</suite>
<statistics>
<total>
<stat pass="1" fail="1">Critical Tests</stat>
<stat pass="1" fail="1">All Tests</stat>
</total>
<tag>
</tag>
<suite>
<stat pass="1" fail="1" id="s1" name="General">General</stat>
</suite>
</statistics>
<errors>
<msg timestamp="20190830 18:13:17.348" level="WARN">Automatically parsing other than '*.robot' files is deprecated. Convert 'C:\Users\YingHuang\Desktop\GWMV2\TestCase\General.txt' to '*.robot' format or use '--extension' to explicitly configure which files to parse.</msg>
<msg timestamp="20190830 18:14:06.198" level="WARN">Retrying (Retry(total=2, connect=None, read=None, redirect=None, status=None)) after connection broken by 'ProtocolError('Connection aborted.', RemoteDisconnected('Remote end closed connection without response'))': /version</msg>
<msg timestamp="20190830 18:14:06.202" level="WARN">Retrying (Retry(total=1, connect=None, read=None, redirect=None, status=None)) after connection broken by 'ProtocolError('Connection aborted.', RemoteDisconnected('Remote end closed connection without response'))': /version</msg>
<msg timestamp="20190830 18:14:06.206" level="WARN">Retrying (Retry(total=0, connect=None, read=None, redirect=None, status=None)) after connection broken by 'ProtocolError('Connection aborted.', RemoteDisconnected('Remote end closed connection without response'))': /version</msg>
<msg timestamp="20190830 18:14:06.319" level="WARN">Retrying (Retry(total=2, connect=None, read=None, redirect=None, status=None)) after connection broken by 'ProtocolError('Connection aborted.', RemoteDisconnected('Remote end closed connection without response'))': /version</msg>
<msg timestamp="20190830 18:14:06.324" level="WARN">Retrying (Retry(total=1, connect=None, read=None, redirect=None, status=None)) after connection broken by 'ProtocolError('Connection aborted.', RemoteDisconnected('Remote end closed connection without response'))': /version</msg>
<msg timestamp="20190830 18:14:06.330" level="WARN">Retrying (Retry(total=0, connect=None, read=None, redirect=None, status=None)) after connection broken by 'ProtocolError('Connection aborted.', RemoteDisconnected('Remote end closed connection without response'))': /version</msg>
<msg timestamp="20190830 18:14:06.345" level="WARN">Retrying (Retry(total=2, connect=None, read=None, redirect=None, status=None)) after connection broken by 'ProtocolError('Connection aborted.', RemoteDisconnected('Remote end closed connection without response'))': /version</msg>
<msg timestamp="20190830 18:14:06.349" level="WARN">Retrying (Retry(total=1, connect=None, read=None, redirect=None, status=None)) after connection broken by 'ProtocolError('Connection aborted.', RemoteDisconnected('Remote end closed connection without response'))': /version</msg>
<msg timestamp="20190830 18:14:06.354" level="WARN">Retrying (Retry(total=0, connect=None, read=None, redirect=None, status=None)) after connection broken by 'ProtocolError('Connection aborted.', RemoteDisconnected('Remote end closed connection without response'))': /version</msg>
</errors>
</robot>
